# JRE version: Java(TM) SE Runtime Environment (7.0_79-b15) (build 1.7.0_79-b15)
# Java VM: Java HotSpot(TM) 64-Bit Server VM (24.79-b02 mixed mode linux-amd64 compressed oops)
Heap
 PSYoungGen      total 39424K, used 5120K [0x00000000eaa80000, 0x00000000ed680000, 0x0000000100000000)
  eden space 34304K, 0% used [0x00000000eaa80000,0x00000000eaa80000,0x00000000ecc00000)
  from space 5120K, 100% used [0x00000000ecc00000,0x00000000ed100000,0x00000000ed100000)
  to   space 4608K, 0% used [0x00000000ed100000,0x00000000ed100000,0x00000000ed580000)
 ParOldGen       total 20992K, used 10557K [0x00000000c0000000, 0x00000000c1480000, 0x00000000eaa80000)
  object space 20992K, 50% used [0x00000000c0000000,0x00000000c0a4f448,0x00000000c1480000)
 PSPermGen       total 21504K, used 6068K [0x00000000bae00000, 0x00000000bc300000, 0x00000000c0000000)
  object space 21504K, 28% used [0x00000000bae00000,0x00000000bb3ed000,0x00000000bc300000)
GC Heap History (10 events):
Event: 8,952 GC heap after
Heap after GC invocations=2 (full 0):
 PSYoungGen      total 9728K, used 992K [0x00000000eaa80000, 0x00000000ebd80000, 0x0000000100000000)
  eden space 8704K, 0% used [0x00000000eaa80000,0x00000000eaa80000,0x00000000eb300000)
  from space 1024K, 96% used [0x00000000eb400000,0x00000000eb4f8018,0x00000000eb500000)
  to   space 1024K, 0% used [0x00000000eb300000,0x00000000eb300000,0x00000000eb400000)
 ParOldGen       total 20992K, used 2178K [0x00000000c0000000, 0x00000000c1480000, 0x00000000eaa80000)
  object space 20992K, 10% used [0x00000000c0000000,0x00000000c0220880,0x00000000c1480000)
 PSPermGen       total 21504K, used 5491K [0x00000000bae00000, 0x00000000bc300000, 0x00000000c0000000)
  object space 21504K, 25% used [0x00000000bae00000,0x00000000bb35cd60,0x00000000bc300000)
}
Event: 12,053 GC heap before
{Heap before GC invocations=3 (full 0):
 PSYoungGen      total 9728K, used 9696K [0x00000000eaa80000, 0x00000000ebd80000, 0x0000000100000000)
  eden space 8704K, 100% used [0x00000000eaa80000,0x00000000eb300000,0x00000000eb300000)
  from space 1024K, 96% used [0x00000000eb400000,0x00000000eb4f8018,0x00000000eb500000)
  to   space 1024K, 0% used [0x00000000eb300000,0x00000000eb300000,0x00000000eb400000)
 ParOldGen       total 20992K, used 2178K [0x00000000c0000000, 0x00000000c1480000, 0x00000000eaa80000)
  object space 20992K, 10% used [0x00000000c0000000,0x00000000c0220880,0x00000000c1480000)
 PSPermGen       total 21504K, used 5620K [0x00000000bae00000, 0x00000000bc300000, 0x00000000c0000000)
  object space 21504K, 26% used [0x00000000bae00000,0x00000000bb37d250,0x00000000bc300000)
Event: 12,140 GC heap after
Heap after GC invocations=3 (full 0):
 PSYoungGen      total 9728K, used 1008K [0x00000000eaa80000, 0x00000000ebd80000, 0x0000000100000000)
  eden space 8704K, 0% used [0x00000000eaa80000,0x00000000eaa80000,0x00000000eb300000)
  from space 1024K, 98% used [0x00000000eb300000,0x00000000eb3fc028,0x00000000eb400000)
  to   space 1024K, 0% used [0x00000000ebc80000,0x00000000ebc80000,0x00000000ebd80000)
 ParOldGen       total 20992K, used 3928K [0x00000000c0000000, 0x00000000c1480000, 0x00000000eaa80000)
  object space 20992K, 18% used [0x00000000c0000000,0x00000000c03d6160,0x00000000c1480000)
 PSPermGen       total 21504K, used 5620K [0x00000000bae00000, 0x00000000bc300000, 0x00000000c0000000)
  object space 21504K, 26% used [0x00000000bae00000,0x00000000bb37d250,0x00000000bc300000)
}
Event: 15,153 GC heap before
{Heap before GC invocations=4 (full 0):
 PSYoungGen      total 9728K, used 9712K [0x00000000eaa80000, 0x00000000ebd80000, 0x0000000100000000)
  eden space 8704K, 100% used [0x00000000eaa80000,0x00000000eb300000,0x00000000eb300000)
  from space 1024K, 98% used [0x00000000eb300000,0x00000000eb3fc028,0x00000000eb400000)
  to   space 1024K, 0% used [0x00000000ebc80000,0x00000000ebc80000,0x00000000ebd80000)
 ParOldGen       total 20992K, used 3928K [0x00000000c0000000, 0x00000000c1480000, 0x00000000eaa80000)
  object space 20992K, 18% used [0x00000000c0000000,0x00000000c03d6160,0x00000000c1480000)
 PSPermGen       total 21504K, used 5728K [0x00000000bae00000, 0x00000000bc300000, 0x00000000c0000000)
  object space 21504K, 26% used [0x00000000bae00000,0x00000000bb3980e8,0x00000000bc300000)
Event: 15,658 GC heap after
Heap after GC invocations=4 (full 0):
 PSYoungGen      total 18432K, used 992K [0x00000000eaa80000, 0x00000000ebd80000, 0x0000000100000000)
  eden space 17408K, 0% used [0x00000000eaa80000,0x00000000eaa80000,0x00000000ebb80000)
  from space 1024K, 96% used [0x00000000ebc80000,0x00000000ebd78018,0x00000000ebd80000)
  to   space 1024K, 0% used [0x00000000ebb80000,0x00000000ebb80000,0x00000000ebc80000)
 ParOldGen       total 20992K, used 5481K [0x00000000c0000000, 0x00000000c1480000, 0x00000000eaa80000)
  object space 20992K, 26% used [0x00000000c0000000,0x00000000c055a620,0x00000000c1480000)
 PSPermGen       total 21504K, used 5728K [0x00000000bae00000, 0x00000000bc300000, 0x00000000c0000000)
  object space 21504K, 26% used [0x00000000bae00000,0x00000000bb3980e8,0x00000000bc300000)
}
Event: 20,142 GC heap before
{Heap before GC invocations=5 (full 0):
 PSYoungGen      total 18432K, used 18400K [0x00000000eaa80000, 0x00000000ebd80000, 0x0000000100000000)
  eden space 17408K, 100% used [0x00000000eaa80000,0x00000000ebb80000,0x00000000ebb80000)
  from space 1024K, 96% used [0x00000000ebc80000,0x00000000ebd78018,0x00000000ebd80000)
  to   space 1024K, 0% used [0x00000000ebb80000,0x00000000ebb80000,0x00000000ebc80000)
 ParOldGen       total 20992K, used 5481K [0x00000000c0000000, 0x00000000c1480000, 0x00000000eaa80000)
  object space 20992K, 26% used [0x00000000c0000000,0x00000000c055a620,0x00000000c1480000)
 PSPermGen       total 21504K, used 5772K [0x00000000bae00000, 0x00000000bc300000, 0x00000000c0000000)
  object space 21504K, 26% used [0x00000000bae00000,0x00000000bb3a30e0,0x00000000bc300000)
Event: 20,713 GC heap after
Heap after GC invocations=5 (full 0):
 PSYoungGen      total 18432K, used 1008K [0x00000000eaa80000, 0x00000000ed580000, 0x0000000100000000)
  eden space 17408K, 0% used [0x00000000eaa80000,0x00000000eaa80000,0x00000000ebb80000)
  from space 1024K, 98% used [0x00000000ebb80000,0x00000000ebc7c010,0x00000000ebc80000)
  to   space 4608K, 0% used [0x00000000ed100000,0x00000000ed100000,0x00000000ed580000)
 ParOldGen       total 20992K, used 8433K [0x00000000c0000000, 0x00000000c1480000, 0x00000000eaa80000)
  object space 20992K, 40% used [0x00000000c0000000,0x00000000c083c650,0x00000000c1480000)
 PSPermGen       total 21504K, used 5772K [0x00000000bae00000, 0x00000000bc300000, 0x00000000c0000000)
  object space 21504K, 26% used [0x00000000bae00000,0x00000000bb3a30e0,0x00000000bc300000)
}
Event: 27,736 GC heap before
{Heap before GC invocations=6 (full 0):
 PSYoungGen      total 18432K, used 18416K [0x00000000eaa80000, 0x00000000ed580000, 0x0000000100000000)
  eden space 17408K, 100% used [0x00000000eaa80000,0x00000000ebb80000,0x00000000ebb80000)
  from space 1024K, 98% used [0x00000000ebb80000,0x00000000ebc7c010,0x00000000ebc80000)
  to   space 4608K, 0% used [0x00000000ed100000,0x00000000ed100000,0x00000000ed580000)
 ParOldGen       total 20992K, used 8433K [0x00000000c0000000, 0x00000000c1480000, 0x00000000eaa80000)
  object space 20992K, 40% used [0x00000000c0000000,0x00000000c083c650,0x00000000c1480000)
 PSPermGen       total 21504K, used 5813K [0x00000000bae00000, 0x00000000bc300000, 0x00000000c0000000)
  object space 21504K, 27% used [0x00000000bae00000,0x00000000bb3ad458,0x00000000bc300000)
Event: 28,209 GC heap after
Heap after GC invocations=6 (full 0):
 PSYoungGen      total 38912K, used 4112K [0x00000000eaa80000, 0x00000000ed680000, 0x0000000100000000)
  eden space 34304K, 0% used [0x00000000eaa80000,0x00000000eaa80000,0x00000000ecc00000)
  from space 4608K, 89% used [0x00000000ed100000,0x00000000ed504030,0x00000000ed580000)
  to   space 5120K, 0% used [0x00000000ecc00000,0x00000000ecc00000,0x00000000ed100000)
 ParOldGen       total 20992K, used 8433K [0x00000000c0000000, 0x00000000c1480000, 0x00000000eaa80000)
  object space 20992K, 40% used [0x00000000c0000000,0x00000000c083c650,0x00000000c1480000)
 PSPermGen       total 21504K, used 5813K [0x00000000bae00000, 0x00000000bc300000, 0x00000000c0000000)
  object space 21504K, 27% used [0x00000000bae00000,0x00000000bb3ad458,0x00000000bc300000)
}
Event: 66,781 GC heap before
{Heap before GC invocations=7 (full 0):
 PSYoungGen      total 38912K, used 38416K [0x00000000eaa80000, 0x00000000ed680000, 0x0000000100000000)
  eden space 34304K, 100% used [0x00000000eaa80000,0x00000000ecc00000,0x00000000ecc00000)
  from space 4608K, 89% used [0x00000000ed100000,0x00000000ed504030,0x00000000ed580000)
  to   space 5120K, 0% used [0x00000000ecc00000,0x00000000ecc00000,0x00000000ed100000)
 ParOldGen       total 20992K, used 8433K [0x00000000c0000000, 0x00000000c1480000, 0x00000000eaa80000)
  object space 20992K, 40% used [0x00000000c0000000,0x00000000c083c650,0x00000000c1480000)
 PSPermGen       total 21504K, used 6068K [0x00000000bae00000, 0x00000000bc300000, 0x00000000c0000000)
  object space 21504K, 28% used [0x00000000bae00000,0x00000000bb3ed000,0x00000000bc300000)

